0 info it worked if it ends with ok
1 verbose cli [ '/home/infoyourfinan/nodejs/bin/node',
1 verbose cli   '/home/infoyourfinan/nodejs/bin/npm',
1 verbose cli   'start',
1 verbose cli   '--production' ]
2 info using npm@2.14.12
3 info using node@v4.2.4
4 verbose run-script [ 'prestart', 'start', 'poststart' ]
5 info prestart ghost@0.7.5
6 info start ghost@0.7.5
7 verbose unsafe-perm in lifecycle true
8 info ghost@0.7.5 Failed to exec start script
9 verbose stack Error: ghost@0.7.5 start: `/home/infoyourfinan/nodejs/bin/node index`
9 verbose stack Exit status 255
9 verbose stack     at EventEmitter.<anonymous> (/home/infoyourfinan/nodejs/lib/node_modules/npm/lib/utils/lifecycle.js:214:16)
9 verbose stack     at emitTwo (events.js:87:13)
9 verbose stack     at EventEmitter.emit (events.js:172:7)
9 verbose stack     at ChildProcess.<anonymous> (/home/infoyourfinan/nodejs/lib/node_modules/npm/lib/utils/spawn.js:24:14)
9 verbose stack     at emitTwo (events.js:87:13)
9 verbose stack     at ChildProcess.emit (events.js:172:7)
9 verbose stack     at maybeClose (internal/child_process.js:818:16)
9 verbose stack     at Process.ChildProcess._handle.onexit (internal/child_process.js:211:5)
10 verbose pkgid ghost@0.7.5
11 verbose cwd /home/infoyourfinan/public_html/finance
12 error Linux 2.6.32-042stab113.17
13 error argv "/home/infoyourfinan/nodejs/bin/node" "/home/infoyourfinan/nodejs/bin/npm" "start" "--production"
14 error node v4.2.4
15 error npm  v2.14.12
16 error code ELIFECYCLE
17 error ghost@0.7.5 start: `/home/infoyourfinan/nodejs/bin/node index`
17 error Exit status 255
18 error Failed at the ghost@0.7.5 start script '/home/infoyourfinan/nodejs/bin/node index'.
18 error This is most likely a problem with the ghost package,
18 error not with npm itself.
18 error Tell the author that this fails on your system:
18 error     /home/infoyourfinan/nodejs/bin/node index
18 error You can get their info via:
18 error     npm owner ls ghost
18 error There is likely additional logging output above.
19 verbose exit [ 1, true ]
